<?xml version="1.0" encoding="UTF-8"?>
<coverage generated="1583052524940" clover="3.2.0">
  <project timestamp="1583052524940" name="All files">
    <metrics statements="92" coveredstatements="88" conditionals="42" coveredconditionals="37" methods="33" coveredmethods="33" elements="167" coveredelements="158" complexity="0" loc="92" ncloc="92" packages="3" files="9" classes="9"/>
    <package name="src">
      <metrics statements="32" coveredstatements="31" conditionals="12" coveredconditionals="10" methods="17" coveredmethods="17"/>
      <file name="getInfo.js" path="/Users/yunique/frontend-project-lvl2/src/getInfo.js">
        <metrics statements="3" coveredstatements="3" conditionals="0" coveredconditionals="0" methods="1" coveredmethods="1"/>
        <line num="5" count="18" type="stmt"/>
        <line num="6" count="18" type="stmt"/>
        <line num="7" count="18" type="stmt"/>
      </file>
      <file name="index.js" path="/Users/yunique/frontend-project-lvl2/src/index.js">
        <metrics statements="4" coveredstatements="4" conditionals="0" coveredconditionals="0" methods="1" coveredmethods="1"/>
        <line num="7" count="9" type="stmt"/>
        <line num="8" count="9" type="stmt"/>
        <line num="9" count="9" type="stmt"/>
        <line num="10" count="9" type="stmt"/>
      </file>
      <file name="makeAST.js" path="/Users/yunique/frontend-project-lvl2/src/makeAST.js">
        <metrics statements="20" coveredstatements="20" conditionals="6" coveredconditionals="6" methods="14" coveredmethods="14"/>
        <line num="3" count="1" type="stmt"/>
        <line num="11" count="1" type="stmt"/>
        <line num="14" count="144" type="cond" truecount="2" falsecount="0"/>
        <line num="20" count="27" type="stmt"/>
        <line num="27" count="117" type="stmt"/>
        <line num="28" count="45" type="stmt"/>
        <line num="36" count="72" type="cond" truecount="2" falsecount="0"/>
        <line num="37" count="27" type="stmt"/>
        <line num="46" count="45" type="cond" truecount="2" falsecount="0"/>
        <line num="47" count="27" type="stmt"/>
        <line num="54" count="18" type="stmt"/>
        <line num="55" count="18" type="stmt"/>
        <line num="63" count="396" type="stmt"/>
        <line num="65" count="1" type="stmt"/>
        <line num="66" count="36" type="stmt"/>
        <line num="68" count="36" type="stmt"/>
        <line num="70" count="144" type="stmt"/>
        <line num="76" count="144" type="stmt"/>
        <line num="77" count="144" type="stmt"/>
        <line num="78" count="144" type="stmt"/>
      </file>
      <file name="parsers.js" path="/Users/yunique/frontend-project-lvl2/src/parsers.js">
        <metrics statements="5" coveredstatements="4" conditionals="6" coveredconditionals="4" methods="1" coveredmethods="1"/>
        <line num="5" count="18" type="cond" truecount="3" falsecount="1"/>
        <line num="7" count="6" type="stmt"/>
        <line num="9" count="6" type="stmt"/>
        <line num="11" count="6" type="stmt"/>
        <line num="13" count="0" type="stmt"/>
      </file>
    </package>
    <package name="src.formatters">
      <metrics statements="59" coveredstatements="56" conditionals="30" coveredconditionals="27" methods="15" coveredmethods="15"/>
      <file name="index.js" path="/Users/yunique/frontend-project-lvl2/src/formatters/index.js">
        <metrics statements="6" coveredstatements="5" conditionals="4" coveredconditionals="3" methods="1" coveredmethods="1"/>
        <line num="5" count="1" type="stmt"/>
        <line num="6" count="9" type="cond" truecount="3" falsecount="1"/>
        <line num="8" count="3" type="stmt"/>
        <line num="10" count="3" type="stmt"/>
        <line num="12" count="3" type="stmt"/>
        <line num="14" count="0" type="stmt"/>
      </file>
      <file name="json.js" path="/Users/yunique/frontend-project-lvl2/src/formatters/json.js">
        <metrics statements="4" coveredstatements="4" conditionals="4" coveredconditionals="4" methods="2" coveredmethods="2"/>
        <line num="3" count="3" type="stmt"/>
        <line num="4" count="231" type="cond" truecount="4" falsecount="0"/>
        <line num="5" count="12" type="stmt"/>
        <line num="7" count="219" type="stmt"/>
      </file>
      <file name="operanded.js" path="/Users/yunique/frontend-project-lvl2/src/formatters/operanded.js">
        <metrics statements="28" coveredstatements="27" conditionals="10" coveredconditionals="9" methods="7" coveredmethods="7"/>
        <line num="5" count="1" type="stmt"/>
        <line num="6" count="123" type="stmt"/>
        <line num="7" count="18" type="stmt"/>
        <line num="8" count="18" type="stmt"/>
        <line num="9" count="27" type="stmt"/>
        <line num="10" count="18" type="stmt"/>
        <line num="11" count="18" type="stmt"/>
        <line num="14" count="123" type="cond" truecount="2" falsecount="0"/>
        <line num="15" count="18" type="stmt"/>
        <line num="17" count="105" type="cond" truecount="2" falsecount="0"/>
        <line num="20" count="1" type="stmt"/>
        <line num="21" count="48" type="stmt"/>
        <line num="23" count="48" type="stmt"/>
        <line num="24" count="48" type="stmt"/>
        <line num="25" count="48" type="stmt"/>
        <line num="27" count="48" type="cond" truecount="5" falsecount="1"/>
        <line num="29" count="9" type="stmt"/>
        <line num="30" count="36" type="stmt"/>
        <line num="33" count="15" type="stmt"/>
        <line num="35" count="9" type="stmt"/>
        <line num="38" count="9" type="stmt"/>
        <line num="40" count="6" type="stmt"/>
        <line num="42" count="0" type="stmt"/>
        <line num="46" count="1" type="stmt"/>
        <line num="47" count="3" type="stmt"/>
        <line num="48" count="12" type="stmt"/>
        <line num="49" count="3" type="stmt"/>
        <line num="50" count="3" type="stmt"/>
      </file>
      <file name="plain.js" path="/Users/yunique/frontend-project-lvl2/src/formatters/plain.js">
        <metrics statements="21" coveredstatements="20" conditionals="12" coveredconditionals="11" methods="5" coveredmethods="5"/>
        <line num="4" count="1" type="stmt"/>
        <line num="5" count="96" type="cond" truecount="2" falsecount="0"/>
        <line num="6" count="15" type="stmt"/>
        <line num="8" count="81" type="cond" truecount="2" falsecount="0"/>
        <line num="11" count="1" type="stmt"/>
        <line num="12" count="48" type="stmt"/>
        <line num="14" count="48" type="stmt"/>
        <line num="15" count="48" type="stmt"/>
        <line num="16" count="48" type="cond" truecount="2" falsecount="0"/>
        <line num="18" count="48" type="cond" truecount="5" falsecount="1"/>
        <line num="20" count="9" type="stmt"/>
        <line num="21" count="36" type="stmt"/>
        <line num="23" count="15" type="stmt"/>
        <line num="25" count="9" type="stmt"/>
        <line num="27" count="6" type="stmt"/>
        <line num="29" count="9" type="stmt"/>
        <line num="31" count="0" type="stmt"/>
        <line num="35" count="1" type="stmt"/>
        <line num="36" count="12" type="stmt"/>
        <line num="37" count="3" type="stmt"/>
        <line num="38" count="3" type="stmt"/>
      </file>
    </package>
    <package name="src.utils">
      <metrics statements="1" coveredstatements="1" conditionals="0" coveredconditionals="0" methods="1" coveredmethods="1"/>
      <file name="makeIndent.js" path="/Users/yunique/frontend-project-lvl2/src/utils/makeIndent.js">
        <metrics statements="1" coveredstatements="1" conditionals="0" coveredconditionals="0" methods="1" coveredmethods="1"/>
        <line num="1" count="102" type="stmt"/>
      </file>
    </package>
  </project>
</coverage>
