{"/Users/yunique/frontend-project-lvl2/src/getInfo.js": {"path":"/Users/yunique/frontend-project-lvl2/src/getInfo.js","statementMap":{"0":{"start":{"line":5,"column":17},"end":{"line":5,"column":41}},"1":{"start":{"line":6,"column":15},"end":{"line":6,"column":51}},"2":{"start":{"line":7,"column":2},"end":{"line":7,"column":26}}},"fnMap":{"0":{"name":"(anonymous_0)","decl":{"start":{"line":4,"column":15},"end":{"line":4,"column":16}},"loc":{"start":{"line":4,"column":31},"end":{"line":8,"column":1}},"line":4}},"branchMap":{},"s":{"0":18,"1":18,"2":18},"f":{"0":18},"b":{},"_coverageSchema":"1a1c01bbd47fc00a2c39e90264f33305004495a9","hash":"beb4fe17fb2f0fa2bf4e02334dcc1468308e02f0"}
,"/Users/yunique/frontend-project-lvl2/src/index.js": {"path":"/Users/yunique/frontend-project-lvl2/src/index.js","statementMap":{"0":{"start":{"line":7,"column":24},"end":{"line":7,"column":38}},"1":{"start":{"line":8,"column":25},"end":{"line":8,"column":39}},"2":{"start":{"line":9,"column":14},"end":{"line":9,"column":66}},"3":{"start":{"line":10,"column":2},"end":{"line":10,"column":37}}},"fnMap":{"0":{"name":"(anonymous_0)","decl":{"start":{"line":6,"column":15},"end":{"line":6,"column":16}},"loc":{"start":{"line":6,"column":41},"end":{"line":11,"column":1}},"line":6}},"branchMap":{},"s":{"0":9,"1":9,"2":9,"3":9},"f":{"0":9},"b":{},"_coverageSchema":"1a1c01bbd47fc00a2c39e90264f33305004495a9","hash":"747b366d6301d76d4a5066cf2f0d8ad6e306bbf7"}
,"/Users/yunique/frontend-project-lvl2/src/makeAST.js": {"path":"/Users/yunique/frontend-project-lvl2/src/makeAST.js","statementMap":{"0":{"start":{"line":3,"column":15},"end":{"line":9,"column":1}},"1":{"start":{"line":11,"column":18},"end":{"line":61,"column":1}},"2":{"start":{"line":14,"column":6},"end":{"line":14,"column":63}},"3":{"start":{"line":20,"column":11},"end":{"line":24,"column":5}},"4":{"start":{"line":27,"column":36},"end":{"line":27,"column":58}},"5":{"start":{"line":28,"column":40},"end":{"line":32,"column":5}},"6":{"start":{"line":36,"column":6},"end":{"line":36,"column":70}},"7":{"start":{"line":37,"column":51},"end":{"line":42,"column":5}},"8":{"start":{"line":46,"column":6},"end":{"line":46,"column":70}},"9":{"start":{"line":47,"column":40},"end":{"line":51,"column":5}},"10":{"start":{"line":54,"column":37},"end":{"line":54,"column":60}},"11":{"start":{"line":55,"column":39},"end":{"line":59,"column":5}},"12":{"start":{"line":63,"column":16},"end":{"line":63,"column":77}},"13":{"start":{"line":63,"column":29},"end":{"line":63,"column":77}},"14":{"start":{"line":63,"column":62},"end":{"line":63,"column":76}},"15":{"start":{"line":65,"column":16},"end":{"line":81,"column":1}},"16":{"start":{"line":66,"column":15},"end":{"line":66,"column":68}},"17":{"start":{"line":68,"column":2},"end":{"line":80,"column":4}},"18":{"start":{"line":70,"column":19},"end":{"line":75,"column":7}},"19":{"start":{"line":76,"column":19},"end":{"line":76,"column":32}},"20":{"start":{"line":77,"column":19},"end":{"line":77,"column":38}},"21":{"start":{"line":78,"column":6},"end":{"line":78,"column":28}}},"fnMap":{"0":{"name":"(anonymous_0)","decl":{"start":{"line":13,"column":11},"end":{"line":13,"column":12}},"loc":{"start":{"line":14,"column":6},"end":{"line":14,"column":63}},"line":14},"1":{"name":"(anonymous_1)","decl":{"start":{"line":15,"column":14},"end":{"line":15,"column":15}},"loc":{"start":{"line":20,"column":11},"end":{"line":24,"column":5}},"line":20},"2":{"name":"(anonymous_2)","decl":{"start":{"line":27,"column":11},"end":{"line":27,"column":12}},"loc":{"start":{"line":27,"column":36},"end":{"line":27,"column":58}},"line":27},"3":{"name":"(anonymous_3)","decl":{"start":{"line":28,"column":14},"end":{"line":28,"column":15}},"loc":{"start":{"line":28,"column":40},"end":{"line":32,"column":5}},"line":28},"4":{"name":"(anonymous_4)","decl":{"start":{"line":35,"column":11},"end":{"line":35,"column":12}},"loc":{"start":{"line":36,"column":6},"end":{"line":36,"column":70}},"line":36},"5":{"name":"(anonymous_5)","decl":{"start":{"line":37,"column":14},"end":{"line":37,"column":15}},"loc":{"start":{"line":37,"column":51},"end":{"line":42,"column":5}},"line":37},"6":{"name":"(anonymous_6)","decl":{"start":{"line":45,"column":11},"end":{"line":45,"column":12}},"loc":{"start":{"line":46,"column":6},"end":{"line":46,"column":70}},"line":46},"7":{"name":"(anonymous_7)","decl":{"start":{"line":47,"column":14},"end":{"line":47,"column":15}},"loc":{"start":{"line":47,"column":40},"end":{"line":51,"column":5}},"line":47},"8":{"name":"(anonymous_8)","decl":{"start":{"line":54,"column":11},"end":{"line":54,"column":12}},"loc":{"start":{"line":54,"column":37},"end":{"line":54,"column":60}},"line":54},"9":{"name":"(anonymous_9)","decl":{"start":{"line":55,"column":14},"end":{"line":55,"column":15}},"loc":{"start":{"line":55,"column":39},"end":{"line":59,"column":5}},"line":55},"10":{"name":"(anonymous_10)","decl":{"start":{"line":63,"column":16},"end":{"line":63,"column":17}},"loc":{"start":{"line":63,"column":29},"end":{"line":63,"column":77}},"line":63},"11":{"name":"(anonymous_11)","decl":{"start":{"line":63,"column":47},"end":{"line":63,"column":48}},"loc":{"start":{"line":63,"column":62},"end":{"line":63,"column":76}},"line":63},"12":{"name":"(anonymous_12)","decl":{"start":{"line":65,"column":16},"end":{"line":65,"column":17}},"loc":{"start":{"line":65,"column":43},"end":{"line":81,"column":1}},"line":65},"13":{"name":"(anonymous_13)","decl":{"start":{"line":69,"column":10},"end":{"line":69,"column":11}},"loc":{"start":{"line":69,"column":24},"end":{"line":79,"column":5}},"line":69}},"branchMap":{"0":{"loc":{"start":{"line":14,"column":6},"end":{"line":14,"column":63}},"type":"binary-expr","locations":[{"start":{"line":14,"column":6},"end":{"line":14,"column":32}},{"start":{"line":14,"column":36},"end":{"line":14,"column":63}}],"line":14},"1":{"loc":{"start":{"line":36,"column":6},"end":{"line":36,"column":70}},"type":"binary-expr","locations":[{"start":{"line":36,"column":7},"end":{"line":36,"column":29}},{"start":{"line":36,"column":35},"end":{"line":36,"column":69}}],"line":36},"2":{"loc":{"start":{"line":46,"column":6},"end":{"line":46,"column":70}},"type":"binary-expr","locations":[{"start":{"line":46,"column":7},"end":{"line":46,"column":29}},{"start":{"line":46,"column":35},"end":{"line":46,"column":69}}],"line":46}},"s":{"0":1,"1":1,"2":144,"3":27,"4":117,"5":45,"6":72,"7":27,"8":45,"9":27,"10":18,"11":18,"12":1,"13":144,"14":396,"15":1,"16":36,"17":36,"18":144,"19":144,"20":144,"21":144},"f":{"0":144,"1":27,"2":117,"3":45,"4":72,"5":27,"6":45,"7":27,"8":18,"9":18,"10":144,"11":396,"12":36,"13":144},"b":{"0":[144,45],"1":[72,54],"2":[45,27]},"_coverageSchema":"1a1c01bbd47fc00a2c39e90264f33305004495a9","hash":"749e580b2207ea0c0f1213e325522b122eb70bb8"}
,"/Users/yunique/frontend-project-lvl2/src/parsers.js": {"path":"/Users/yunique/frontend-project-lvl2/src/parsers.js","statementMap":{"0":{"start":{"line":5,"column":2},"end":{"line":14,"column":3}},"1":{"start":{"line":7,"column":6},"end":{"line":7,"column":30}},"2":{"start":{"line":9,"column":6},"end":{"line":9,"column":33}},"3":{"start":{"line":11,"column":6},"end":{"line":11,"column":29}},"4":{"start":{"line":13,"column":6},"end":{"line":13,"column":38}}},"fnMap":{"0":{"name":"(anonymous_0)","decl":{"start":{"line":4,"column":15},"end":{"line":4,"column":16}},"loc":{"start":{"line":4,"column":37},"end":{"line":15,"column":1}},"line":4}},"branchMap":{"0":{"loc":{"start":{"line":5,"column":2},"end":{"line":14,"column":3}},"type":"switch","locations":[{"start":{"line":6,"column":4},"end":{"line":7,"column":30}},{"start":{"line":8,"column":4},"end":{"line":9,"column":33}},{"start":{"line":10,"column":4},"end":{"line":11,"column":29}},{"start":{"line":12,"column":4},"end":{"line":13,"column":38}}],"line":5},"1":{"loc":{"start":{"line":8,"column":10},"end":{"line":8,"column":27}},"type":"binary-expr","locations":[{"start":{"line":8,"column":10},"end":{"line":8,"column":16}},{"start":{"line":8,"column":20},"end":{"line":8,"column":27}}],"line":8}},"s":{"0":18,"1":6,"2":6,"3":6,"4":0},"f":{"0":18},"b":{"0":[6,6,6,0],"1":[12,0]},"_coverageSchema":"1a1c01bbd47fc00a2c39e90264f33305004495a9","hash":"2c8a58a6720f03558b51aad43592219828170678"}
,"/Users/yunique/frontend-project-lvl2/src/formatters/index.js": {"path":"/Users/yunique/frontend-project-lvl2/src/formatters/index.js","statementMap":{"0":{"start":{"line":5,"column":23},"end":{"line":16,"column":1}},"1":{"start":{"line":6,"column":2},"end":{"line":15,"column":3}},"2":{"start":{"line":8,"column":6},"end":{"line":8,"column":33}},"3":{"start":{"line":10,"column":6},"end":{"line":10,"column":32}},"4":{"start":{"line":12,"column":6},"end":{"line":12,"column":37}},"5":{"start":{"line":14,"column":6},"end":{"line":14,"column":38}}},"fnMap":{"0":{"name":"(anonymous_0)","decl":{"start":{"line":5,"column":23},"end":{"line":5,"column":24}},"loc":{"start":{"line":5,"column":40},"end":{"line":16,"column":1}},"line":5}},"branchMap":{"0":{"loc":{"start":{"line":6,"column":2},"end":{"line":15,"column":3}},"type":"switch","locations":[{"start":{"line":7,"column":4},"end":{"line":8,"column":33}},{"start":{"line":9,"column":4},"end":{"line":10,"column":32}},{"start":{"line":11,"column":4},"end":{"line":12,"column":37}},{"start":{"line":13,"column":4},"end":{"line":14,"column":38}}],"line":6}},"s":{"0":1,"1":9,"2":3,"3":3,"4":3,"5":0},"f":{"0":9},"b":{"0":[3,3,3,0]},"_coverageSchema":"1a1c01bbd47fc00a2c39e90264f33305004495a9","hash":"b1f76d11f258886fce61975640028c6005a2e7bb"}
,"/Users/yunique/frontend-project-lvl2/src/formatters/json.js": {"path":"/Users/yunique/frontend-project-lvl2/src/formatters/json.js","statementMap":{"0":{"start":{"line":3,"column":24},"end":{"line":8,"column":7}},"1":{"start":{"line":4,"column":2},"end":{"line":6,"column":3}},"2":{"start":{"line":5,"column":4},"end":{"line":5,"column":25}},"3":{"start":{"line":7,"column":2},"end":{"line":7,"column":15}}},"fnMap":{"0":{"name":"(anonymous_0)","decl":{"start":{"line":3,"column":15},"end":{"line":3,"column":16}},"loc":{"start":{"line":3,"column":24},"end":{"line":8,"column":7}},"line":3},"1":{"name":"(anonymous_1)","decl":{"start":{"line":3,"column":44},"end":{"line":3,"column":45}},"loc":{"start":{"line":3,"column":60},"end":{"line":8,"column":1}},"line":3}},"branchMap":{"0":{"loc":{"start":{"line":4,"column":2},"end":{"line":6,"column":3}},"type":"if","locations":[{"start":{"line":4,"column":2},"end":{"line":6,"column":3}},{"start":{"line":4,"column":2},"end":{"line":6,"column":3}}],"line":4},"1":{"loc":{"start":{"line":4,"column":6},"end":{"line":4,"column":42}},"type":"binary-expr","locations":[{"start":{"line":4,"column":6},"end":{"line":4,"column":19}},{"start":{"line":4,"column":23},"end":{"line":4,"column":42}}],"line":4}},"s":{"0":3,"1":231,"2":12,"3":219},"f":{"0":3,"1":231},"b":{"0":[12,219],"1":[231,15]},"_coverageSchema":"1a1c01bbd47fc00a2c39e90264f33305004495a9","hash":"3ebe878bdcf9b51f70f769c89db4f1538f646a79"}
,"/Users/yunique/frontend-project-lvl2/src/formatters/operanded.js": {"path":"/Users/yunique/frontend-project-lvl2/src/formatters/operanded.js","statementMap":{"0":{"start":{"line":5,"column":18},"end":{"line":18,"column":1}},"1":{"start":{"line":6,"column":26},"end":{"line":12,"column":3}},"2":{"start":{"line":7,"column":19},"end":{"line":7,"column":45}},"3":{"start":{"line":8,"column":23},"end":{"line":9,"column":104}},"4":{"start":{"line":9,"column":6},"end":{"line":9,"column":98}},"5":{"start":{"line":10,"column":30},"end":{"line":10,"column":64}},"6":{"start":{"line":11,"column":4},"end":{"line":11,"column":40}},"7":{"start":{"line":14,"column":2},"end":{"line":16,"column":3}},"8":{"start":{"line":15,"column":4},"end":{"line":15,"column":51}},"9":{"start":{"line":17,"column":2},"end":{"line":17,"column":59}},"10":{"start":{"line":20,"column":13},"end":{"line":44,"column":1}},"11":{"start":{"line":21,"column":17},"end":{"line":21,"column":40}},"12":{"start":{"line":23,"column":59},"end":{"line":23,"column":63}},"13":{"start":{"line":24,"column":30},"end":{"line":24,"column":62}},"14":{"start":{"line":25,"column":30},"end":{"line":25,"column":62}},"15":{"start":{"line":27,"column":2},"end":{"line":43,"column":3}},"16":{"start":{"line":29,"column":6},"end":{"line":31,"column":43}},"17":{"start":{"line":30,"column":45},"end":{"line":30,"column":83}},"18":{"start":{"line":33,"column":6},"end":{"line":33,"column":72}},"19":{"start":{"line":35,"column":6},"end":{"line":36,"column":58}},"20":{"start":{"line":38,"column":6},"end":{"line":38,"column":72}},"21":{"start":{"line":40,"column":6},"end":{"line":40,"column":72}},"22":{"start":{"line":42,"column":6},"end":{"line":42,"column":36}},"23":{"start":{"line":46,"column":22},"end":{"line":51,"column":1}},"24":{"start":{"line":47,"column":20},"end":{"line":47,"column":21}},"25":{"start":{"line":48,"column":18},"end":{"line":48,"column":75}},"26":{"start":{"line":48,"column":44},"end":{"line":48,"column":70}},"27":{"start":{"line":49,"column":17},"end":{"line":49,"column":46}},"28":{"start":{"line":50,"column":2},"end":{"line":50,"column":16}}},"fnMap":{"0":{"name":"(anonymous_0)","decl":{"start":{"line":5,"column":18},"end":{"line":5,"column":19}},"loc":{"start":{"line":5,"column":42},"end":{"line":18,"column":1}},"line":5},"1":{"name":"(anonymous_1)","decl":{"start":{"line":6,"column":26},"end":{"line":6,"column":27}},"loc":{"start":{"line":6,"column":51},"end":{"line":12,"column":3}},"line":6},"2":{"name":"(anonymous_2)","decl":{"start":{"line":8,"column":37},"end":{"line":8,"column":38}},"loc":{"start":{"line":9,"column":6},"end":{"line":9,"column":98}},"line":9},"3":{"name":"(anonymous_3)","decl":{"start":{"line":20,"column":13},"end":{"line":20,"column":14}},"loc":{"start":{"line":20,"column":41},"end":{"line":44,"column":1}},"line":20},"4":{"name":"(anonymous_4)","decl":{"start":{"line":30,"column":24},"end":{"line":30,"column":25}},"loc":{"start":{"line":30,"column":45},"end":{"line":30,"column":83}},"line":30},"5":{"name":"(anonymous_5)","decl":{"start":{"line":46,"column":22},"end":{"line":46,"column":23}},"loc":{"start":{"line":46,"column":31},"end":{"line":51,"column":1}},"line":46},"6":{"name":"(anonymous_6)","decl":{"start":{"line":48,"column":29},"end":{"line":48,"column":30}},"loc":{"start":{"line":48,"column":44},"end":{"line":48,"column":70}},"line":48}},"branchMap":{"0":{"loc":{"start":{"line":14,"column":2},"end":{"line":16,"column":3}},"type":"if","locations":[{"start":{"line":14,"column":2},"end":{"line":16,"column":3}},{"start":{"line":14,"column":2},"end":{"line":16,"column":3}}],"line":14},"1":{"loc":{"start":{"line":17,"column":10},"end":{"line":17,"column":57}},"type":"cond-expr","locations":[{"start":{"line":17,"column":30},"end":{"line":17,"column":49}},{"start":{"line":17,"column":52},"end":{"line":17,"column":57}}],"line":17},"2":{"loc":{"start":{"line":27,"column":2},"end":{"line":43,"column":3}},"type":"switch","locations":[{"start":{"line":28,"column":4},"end":{"line":31,"column":43}},{"start":{"line":32,"column":4},"end":{"line":33,"column":72}},{"start":{"line":34,"column":4},"end":{"line":36,"column":58}},{"start":{"line":37,"column":4},"end":{"line":38,"column":72}},{"start":{"line":39,"column":4},"end":{"line":40,"column":72}},{"start":{"line":41,"column":4},"end":{"line":42,"column":36}}],"line":27}},"s":{"0":1,"1":123,"2":18,"3":18,"4":27,"5":18,"6":18,"7":123,"8":18,"9":105,"10":1,"11":48,"12":48,"13":48,"14":48,"15":48,"16":9,"17":36,"18":15,"19":9,"20":9,"21":6,"22":0,"23":1,"24":3,"25":3,"26":12,"27":3,"28":3},"f":{"0":123,"1":18,"2":27,"3":48,"4":36,"5":3,"6":12},"b":{"0":[18,105],"1":[47,58],"2":[9,15,9,9,6,0]},"_coverageSchema":"1a1c01bbd47fc00a2c39e90264f33305004495a9","hash":"a851bb08cff8602f76b4c2cf0d15a87779c7fb6d"}
,"/Users/yunique/frontend-project-lvl2/src/formatters/plain.js": {"path":"/Users/yunique/frontend-project-lvl2/src/formatters/plain.js","statementMap":{"0":{"start":{"line":4,"column":18},"end":{"line":9,"column":1}},"1":{"start":{"line":5,"column":2},"end":{"line":7,"column":3}},"2":{"start":{"line":6,"column":4},"end":{"line":6,"column":29}},"3":{"start":{"line":8,"column":2},"end":{"line":8,"column":59}},"4":{"start":{"line":11,"column":13},"end":{"line":33,"column":1}},"5":{"start":{"line":12,"column":59},"end":{"line":12,"column":63}},"6":{"start":{"line":14,"column":30},"end":{"line":14,"column":49}},"7":{"start":{"line":15,"column":30},"end":{"line":15,"column":49}},"8":{"start":{"line":16,"column":22},"end":{"line":16,"column":80}},"9":{"start":{"line":18,"column":2},"end":{"line":32,"column":3}},"10":{"start":{"line":20,"column":6},"end":{"line":21,"column":89}},"11":{"start":{"line":21,"column":48},"end":{"line":21,"column":82}},"12":{"start":{"line":23,"column":6},"end":{"line":23,"column":94}},"13":{"start":{"line":25,"column":6},"end":{"line":25,"column":115}},"14":{"start":{"line":27,"column":6},"end":{"line":27,"column":61}},"15":{"start":{"line":29,"column":6},"end":{"line":29,"column":17}},"16":{"start":{"line":31,"column":6},"end":{"line":31,"column":36}},"17":{"start":{"line":35,"column":22},"end":{"line":39,"column":1}},"18":{"start":{"line":36,"column":18},"end":{"line":36,"column":68}},"19":{"start":{"line":36,"column":44},"end":{"line":36,"column":63}},"20":{"start":{"line":37,"column":17},"end":{"line":37,"column":35}},"21":{"start":{"line":38,"column":2},"end":{"line":38,"column":16}}},"fnMap":{"0":{"name":"(anonymous_0)","decl":{"start":{"line":4,"column":18},"end":{"line":4,"column":19}},"loc":{"start":{"line":4,"column":29},"end":{"line":9,"column":1}},"line":4},"1":{"name":"(anonymous_1)","decl":{"start":{"line":11,"column":13},"end":{"line":11,"column":14}},"loc":{"start":{"line":11,"column":38},"end":{"line":33,"column":1}},"line":11},"2":{"name":"(anonymous_2)","decl":{"start":{"line":21,"column":27},"end":{"line":21,"column":28}},"loc":{"start":{"line":21,"column":48},"end":{"line":21,"column":82}},"line":21},"3":{"name":"(anonymous_3)","decl":{"start":{"line":35,"column":22},"end":{"line":35,"column":23}},"loc":{"start":{"line":35,"column":31},"end":{"line":39,"column":1}},"line":35},"4":{"name":"(anonymous_4)","decl":{"start":{"line":36,"column":29},"end":{"line":36,"column":30}},"loc":{"start":{"line":36,"column":44},"end":{"line":36,"column":63}},"line":36}},"branchMap":{"0":{"loc":{"start":{"line":5,"column":2},"end":{"line":7,"column":3}},"type":"if","locations":[{"start":{"line":5,"column":2},"end":{"line":7,"column":3}},{"start":{"line":5,"column":2},"end":{"line":7,"column":3}}],"line":5},"1":{"loc":{"start":{"line":8,"column":10},"end":{"line":8,"column":57}},"type":"cond-expr","locations":[{"start":{"line":8,"column":30},"end":{"line":8,"column":49}},{"start":{"line":8,"column":52},"end":{"line":8,"column":57}}],"line":8},"2":{"loc":{"start":{"line":16,"column":22},"end":{"line":16,"column":80}},"type":"cond-expr","locations":[{"start":{"line":16,"column":44},"end":{"line":16,"column":52}},{"start":{"line":16,"column":55},"end":{"line":16,"column":80}}],"line":16},"3":{"loc":{"start":{"line":18,"column":2},"end":{"line":32,"column":3}},"type":"switch","locations":[{"start":{"line":19,"column":4},"end":{"line":21,"column":89}},{"start":{"line":22,"column":4},"end":{"line":23,"column":94}},{"start":{"line":24,"column":4},"end":{"line":25,"column":115}},{"start":{"line":26,"column":4},"end":{"line":27,"column":61}},{"start":{"line":28,"column":4},"end":{"line":29,"column":17}},{"start":{"line":30,"column":4},"end":{"line":31,"column":36}}],"line":18}},"s":{"0":1,"1":96,"2":15,"3":81,"4":1,"5":48,"6":48,"7":48,"8":48,"9":48,"10":9,"11":36,"12":15,"13":9,"14":6,"15":9,"16":0,"17":1,"18":3,"19":12,"20":3,"21":3},"f":{"0":96,"1":48,"2":36,"3":3,"4":12},"b":{"0":[15,81],"1":[26,55],"2":[12,36],"3":[9,15,9,6,9,0]},"_coverageSchema":"1a1c01bbd47fc00a2c39e90264f33305004495a9","hash":"578659856428844611ff675cdaea272c71fd3aed"}
,"/Users/yunique/frontend-project-lvl2/src/utils/makeIndent.js": {"path":"/Users/yunique/frontend-project-lvl2/src/utils/makeIndent.js","statementMap":{"0":{"start":{"line":1,"column":32},"end":{"line":1,"column":55}}},"fnMap":{"0":{"name":"(anonymous_0)","decl":{"start":{"line":1,"column":15},"end":{"line":1,"column":16}},"loc":{"start":{"line":1,"column":32},"end":{"line":1,"column":55}},"line":1}},"branchMap":{},"s":{"0":102},"f":{"0":102},"b":{},"_coverageSchema":"1a1c01bbd47fc00a2c39e90264f33305004495a9","hash":"9892eb918e011a2ca452f3b3267af451399d9bf8"}
}
