TN:
SF:src/getInfo.js
FN:4,(anonymous_0)
FNF:1
FNH:1
FNDA:18,(anonymous_0)
DA:5,18
DA:6,18
DA:7,18
LF:3
LH:3
BRF:0
BRH:0
end_of_record
TN:
SF:src/index.js
FN:6,(anonymous_0)
FNF:1
FNH:1
FNDA:9,(anonymous_0)
DA:7,9
DA:8,9
DA:9,9
DA:10,9
LF:4
LH:4
BRF:0
BRH:0
end_of_record
TN:
SF:src/makeAST.js
FN:13,(anonymous_0)
FN:15,(anonymous_1)
FN:27,(anonymous_2)
FN:28,(anonymous_3)
FN:35,(anonymous_4)
FN:37,(anonymous_5)
FN:45,(anonymous_6)
FN:47,(anonymous_7)
FN:54,(anonymous_8)
FN:55,(anonymous_9)
FN:63,(anonymous_10)
FN:63,(anonymous_11)
FN:65,(anonymous_12)
FN:69,(anonymous_13)
FNF:14
FNH:14
FNDA:144,(anonymous_0)
FNDA:27,(anonymous_1)
FNDA:117,(anonymous_2)
FNDA:45,(anonymous_3)
FNDA:72,(anonymous_4)
FNDA:27,(anonymous_5)
FNDA:45,(anonymous_6)
FNDA:27,(anonymous_7)
FNDA:18,(anonymous_8)
FNDA:18,(anonymous_9)
FNDA:144,(anonymous_10)
FNDA:396,(anonymous_11)
FNDA:36,(anonymous_12)
FNDA:144,(anonymous_13)
DA:3,1
DA:11,1
DA:14,144
DA:20,27
DA:27,117
DA:28,45
DA:36,72
DA:37,27
DA:46,45
DA:47,27
DA:54,18
DA:55,18
DA:63,396
DA:65,1
DA:66,36
DA:68,36
DA:70,144
DA:76,144
DA:77,144
DA:78,144
LF:20
LH:20
BRDA:14,0,0,144
BRDA:14,0,1,45
BRDA:36,1,0,72
BRDA:36,1,1,54
BRDA:46,2,0,45
BRDA:46,2,1,27
BRF:6
BRH:6
end_of_record
TN:
SF:src/parsers.js
FN:4,(anonymous_0)
FNF:1
FNH:1
FNDA:18,(anonymous_0)
DA:5,18
DA:7,6
DA:9,6
DA:11,6
DA:13,0
LF:5
LH:4
BRDA:5,0,0,6
BRDA:5,0,1,6
BRDA:5,0,2,6
BRDA:5,0,3,0
BRDA:8,1,0,12
BRDA:8,1,1,0
BRF:6
BRH:4
end_of_record
TN:
SF:src/formatters/index.js
FN:5,(anonymous_0)
FNF:1
FNH:1
FNDA:9,(anonymous_0)
DA:5,1
DA:6,9
DA:8,3
DA:10,3
DA:12,3
DA:14,0
LF:6
LH:5
BRDA:6,0,0,3
BRDA:6,0,1,3
BRDA:6,0,2,3
BRDA:6,0,3,0
BRF:4
BRH:3
end_of_record
TN:
SF:src/formatters/json.js
FN:3,(anonymous_0)
FN:3,(anonymous_1)
FNF:2
FNH:2
FNDA:3,(anonymous_0)
FNDA:231,(anonymous_1)
DA:3,3
DA:4,231
DA:5,12
DA:7,219
LF:4
LH:4
BRDA:4,0,0,12
BRDA:4,0,1,219
BRDA:4,1,0,231
BRDA:4,1,1,15
BRF:4
BRH:4
end_of_record
TN:
SF:src/formatters/operanded.js
FN:5,(anonymous_0)
FN:6,(anonymous_1)
FN:8,(anonymous_2)
FN:20,(anonymous_3)
FN:30,(anonymous_4)
FN:46,(anonymous_5)
FN:48,(anonymous_6)
FNF:7
FNH:7
FNDA:123,(anonymous_0)
FNDA:18,(anonymous_1)
FNDA:27,(anonymous_2)
FNDA:48,(anonymous_3)
FNDA:36,(anonymous_4)
FNDA:3,(anonymous_5)
FNDA:12,(anonymous_6)
DA:5,1
DA:6,123
DA:7,18
DA:8,18
DA:9,27
DA:10,18
DA:11,18
DA:14,123
DA:15,18
DA:17,105
DA:20,1
DA:21,48
DA:23,48
DA:24,48
DA:25,48
DA:27,48
DA:29,9
DA:30,36
DA:33,15
DA:35,9
DA:38,9
DA:40,6
DA:42,0
DA:46,1
DA:47,3
DA:48,12
DA:49,3
DA:50,3
LF:28
LH:27
BRDA:14,0,0,18
BRDA:14,0,1,105
BRDA:17,1,0,47
BRDA:17,1,1,58
BRDA:27,2,0,9
BRDA:27,2,1,15
BRDA:27,2,2,9
BRDA:27,2,3,9
BRDA:27,2,4,6
BRDA:27,2,5,0
BRF:10
BRH:9
end_of_record
TN:
SF:src/formatters/plain.js
FN:4,(anonymous_0)
FN:11,(anonymous_1)
FN:21,(anonymous_2)
FN:35,(anonymous_3)
FN:36,(anonymous_4)
FNF:5
FNH:5
FNDA:96,(anonymous_0)
FNDA:48,(anonymous_1)
FNDA:36,(anonymous_2)
FNDA:3,(anonymous_3)
FNDA:12,(anonymous_4)
DA:4,1
DA:5,96
DA:6,15
DA:8,81
DA:11,1
DA:12,48
DA:14,48
DA:15,48
DA:16,48
DA:18,48
DA:20,9
DA:21,36
DA:23,15
DA:25,9
DA:27,6
DA:29,9
DA:31,0
DA:35,1
DA:36,12
DA:37,3
DA:38,3
LF:21
LH:20
BRDA:5,0,0,15
BRDA:5,0,1,81
BRDA:8,1,0,26
BRDA:8,1,1,55
BRDA:16,2,0,12
BRDA:16,2,1,36
BRDA:18,3,0,9
BRDA:18,3,1,15
BRDA:18,3,2,9
BRDA:18,3,3,6
BRDA:18,3,4,9
BRDA:18,3,5,0
BRF:12
BRH:11
end_of_record
TN:
SF:src/utils/makeIndent.js
FN:1,(anonymous_0)
FNF:1
FNH:1
FNDA:102,(anonymous_0)
DA:1,102
LF:1
LH:1
BRF:0
BRH:0
end_of_record
